# JRE version: OpenJDK Runtime Environment (11.0.16.1+1) (build 11.0.16.1+1-LTS)
# Java VM: OpenJDK 64-Bit Server VM (11.0.16.1+1-LTS, mixed mode, tiered, compressed oops, g1 gc, windows-amd64)
Heap:
 garbage-first heap   total 251904K, used 63057K [0x000000070a800000, 0x0000000800000000)
  region size 1024K, 39 young (39936K), 13 survivors (13312K)
 Metaspace       used 23849K, capacity 24288K, committed 24572K, reserved 1071104K
  class space    used 2393K, capacity 2540K, committed 2560K, reserved 1048576K
GC Heap History (10 events):
Event: 3.047 GC heap before
{Heap before GC invocations=0 (full 0):
 garbage-first heap   total 251904K, used 23552K [0x000000070a800000, 0x0000000800000000)
  region size 1024K, 24 young (24576K), 0 survivors (0K)
 Metaspace       used 13594K, capacity 13868K, committed 14080K, reserved 1062912K
  class space    used 1344K, capacity 1431K, committed 1536K, reserved 1048576K
}
Event: 3.057 GC heap after
{Heap after GC invocations=1 (full 0):
 garbage-first heap   total 251904K, used 3924K [0x000000070a800000, 0x0000000800000000)
  region size 1024K, 3 young (3072K), 3 survivors (3072K)
 Metaspace       used 13594K, capacity 13868K, committed 14080K, reserved 1062912K
  class space    used 1344K, capacity 1431K, committed 1536K, reserved 1048576K
}
Event: 6.237 GC heap before
{Heap before GC invocations=1 (full 0):
 garbage-first heap   total 251904K, used 59220K [0x000000070a800000, 0x0000000800000000)
  region size 1024K, 58 young (59392K), 3 survivors (3072K)
 Metaspace       used 20873K, capacity 21183K, committed 21248K, reserved 1069056K
  class space    used 2197K, capacity 2294K, committed 2304K, reserved 1048576K
}
Event: 6.257 GC heap after
{Heap after GC invocations=2 (full 0):
 garbage-first heap   total 251904K, used 7982K [0x000000070a800000, 0x0000000800000000)
  region size 1024K, 7 young (7168K), 7 survivors (7168K)
 Metaspace       used 20873K, capacity 21183K, committed 21248K, reserved 1069056K
  class space    used 2197K, capacity 2294K, committed 2304K, reserved 1048576K
}
Event: 8.059 GC heap before
{Heap before GC invocations=3 (full 0):
 garbage-first heap   total 251904K, used 58158K [0x000000070a800000, 0x0000000800000000)
  region size 1024K, 56 young (57344K), 7 survivors (7168K)
 Metaspace       used 21612K, capacity 22054K, committed 22396K, reserved 1069056K
  class space    used 2220K, capacity 2369K, committed 2432K, reserved 1048576K
}
Event: 8.080 GC heap after
{Heap after GC invocations=4 (full 0):
 garbage-first heap   total 251904K, used 12812K [0x000000070a800000, 0x0000000800000000)
  region size 1024K, 5 young (5120K), 5 survivors (5120K)
 Metaspace       used 21612K, capacity 22054K, committed 22396K, reserved 1069056K
  class space    used 2220K, capacity 2369K, committed 2432K, reserved 1048576K
}
Event: 10.067 GC heap before
{Heap before GC invocations=4 (full 0):
 garbage-first heap   total 251904K, used 85516K [0x000000070a800000, 0x0000000800000000)
  region size 1024K, 76 young (77824K), 5 survivors (5120K)
 Metaspace       used 23098K, capacity 23615K, committed 23804K, reserved 1071104K
  class space    used 2339K, capacity 2508K, committed 2560K, reserved 1048576K
}
Event: 10.088 GC heap after
{Heap after GC invocations=5 (full 0):
 garbage-first heap   total 251904K, used 20825K [0x000000070a800000, 0x0000000800000000)
  region size 1024K, 10 young (10240K), 10 survivors (10240K)
 Metaspace       used 23098K, capacity 23615K, committed 23804K, reserved 1071104K
  class space    used 2339K, capacity 2508K, committed 2560K, reserved 1048576K
}
Event: 11.471 GC heap before
{Heap before GC invocations=5 (full 0):
 garbage-first heap   total 251904K, used 110937K [0x000000070a800000, 0x0000000800000000)
  region size 1024K, 98 young (100352K), 10 survivors (10240K)
 Metaspace       used 23826K, capacity 24288K, committed 24572K, reserved 1071104K
  class space    used 2393K, capacity 2540K, committed 2560K, reserved 1048576K
}
Event: 11.513 GC heap after
{Heap after GC invocations=6 (full 0):
 garbage-first heap   total 251904K, used 37457K [0x000000070a800000, 0x0000000800000000)
  region size 1024K, 13 young (13312K), 13 survivors (13312K)
 Metaspace       used 23826K, capacity 24288K, committed 24572K, reserved 1071104K
  class space    used 2393K, capacity 2540K, committed 2560K, reserved 1048576K
}

